Determining if the pthread_create exist failed with the following output:
Change Dir: /home/qian/refusion/src/refusion/build/CMakeFiles/CMakeTmp

Run Build Command:"/usr/bin/make" "cmTC_616a2/fast"
/usr/bin/make -f CMakeFiles/cmTC_616a2.dir/build.make CMakeFiles/cmTC_616a2.dir/build
make[1]: Entering directory '/home/qian/refusion/src/refusion/build/CMakeFiles/CMakeTmp'
Building C object CMakeFiles/cmTC_616a2.dir/CheckSymbolExists.c.o
/usr/bin/x86_64-linux-gnu-gcc-7    -o CMakeFiles/cmTC_616a2.dir/CheckSymbolExists.c.o   -c /home/qian/refusion/src/refusion/build/CMakeFiles/CMakeTmp/CheckSymbolExists.c
Linking C executable cmTC_616a2
/usr/bin/cmake -E cmake_link_script CMakeFiles/cmTC_616a2.dir/link.txt --verbose=1
/usr/bin/x86_64-linux-gnu-gcc-7      -rdynamic CMakeFiles/cmTC_616a2.dir/CheckSymbolExists.c.o  -o cmTC_616a2 
CMakeFiles/cmTC_616a2.dir/CheckSymbolExists.c.o: In function `main':
CheckSymbolExists.c:(.text+0x1b): undefined reference to `pthread_create'
collect2: error: ld returned 1 exit status
CMakeFiles/cmTC_616a2.dir/build.make:97: recipe for target 'cmTC_616a2' failed
make[1]: *** [cmTC_616a2] Error 1
make[1]: Leaving directory '/home/qian/refusion/src/refusion/build/CMakeFiles/CMakeTmp'
Makefile:126: recipe for target 'cmTC_616a2/fast' failed
make: *** [cmTC_616a2/fast] Error 2

File /home/qian/refusion/src/refusion/build/CMakeFiles/CMakeTmp/CheckSymbolExists.c:
/* */
#include <pthread.h>

int main(int argc, char** argv)
{
  (void)argv;
#ifndef pthread_create
  return ((int*)(&pthread_create))[argc];
#else
  (void)argc;
  return 0;
#endif
}

Determining if the function pthread_create exists in the pthreads failed with the following output:
Change Dir: /home/qian/refusion/src/refusion/build/CMakeFiles/CMakeTmp

Run Build Command:"/usr/bin/make" "cmTC_05a90/fast"
/usr/bin/make -f CMakeFiles/cmTC_05a90.dir/build.make CMakeFiles/cmTC_05a90.dir/build
make[1]: Entering directory '/home/qian/refusion/src/refusion/build/CMakeFiles/CMakeTmp'
Building C object CMakeFiles/cmTC_05a90.dir/CheckFunctionExists.c.o
/usr/bin/x86_64-linux-gnu-gcc-7   -DCHECK_FUNCTION_EXISTS=pthread_create   -o CMakeFiles/cmTC_05a90.dir/CheckFunctionExists.c.o   -c /usr/share/cmake-3.10/Modules/CheckFunctionExists.c
Linking C executable cmTC_05a90
/usr/bin/cmake -E cmake_link_script CMakeFiles/cmTC_05a90.dir/link.txt --verbose=1
/usr/bin/x86_64-linux-gnu-gcc-7  -DCHECK_FUNCTION_EXISTS=pthread_create    -rdynamic CMakeFiles/cmTC_05a90.dir/CheckFunctionExists.c.o  -o cmTC_05a90 -lpthreads 
/usr/bin/ld: cannot find -lpthreads
collect2: error: ld returned 1 exit status
CMakeFiles/cmTC_05a90.dir/build.make:97: recipe for target 'cmTC_05a90' failed
make[1]: *** [cmTC_05a90] Error 1
make[1]: Leaving directory '/home/qian/refusion/src/refusion/build/CMakeFiles/CMakeTmp'
Makefile:126: recipe for target 'cmTC_05a90/fast' failed
make: *** [cmTC_05a90/fast] Error 2


